<?xml version="1.0" encoding="UTF-8"?>
<!-- Generated by org.testng.reporters.JUnitXMLReporter -->
<testsuite hostname="DESKTOP-H7K44C8" ignored="2" name="Demo Group" tests="3" failures="0" timestamp="2020-06-10T09:09:06 BRT" time="0.036" errors="0">
  <testcase name="tc001_login_valido" time="0.004" classname="testClasses.TestNG_Grouping"/>
  <testcase name="tc002_login_invalido" time="0.001" classname="testClasses.TestNG_Grouping"/>
  <testcase name="tc003_cadastro_valido" time="0.001" classname="testClasses.TestNG_Grouping"/>
  <testcase name="tc004_cadastro_valido" time="0.0" classname="testClasses.TestNG_Grouping">
    <ignored/>
  </testcase> <!-- tc004_cadastro_valido -->
  <testcase name="tc005_cadastro_duplicado" time="0.0" classname="testClasses.TestNG_Grouping">
    <ignored/>
  </testcase> <!-- tc005_cadastro_duplicado -->
</testsuite> <!-- Demo Group -->
