<?xml version="1.0" encoding="UTF-8"?>
<!-- Generated by org.testng.reporters.JUnitXMLReporter -->
<testsuite hostname="DESKTOP-H7K44C8" ignored="0" name="Regression UI" tests="3" failures="0" timestamp="2020-06-12T08:57:30 BRT" time="0.036" errors="0">
  <testcase name="testDieny" time="0.003" classname="testClasses.TestNG_Parameters"/>
  <testcase name="testMethod1" time="0.001" classname="testClasses.TestNG_Parameters"/>
  <testcase name="testMethod2" time="0.001" classname="testClasses.TestNG_Parameters"/>
</testsuite> <!-- Regression UI -->
