<?xml version="1.0" encoding="UTF-8"?>
<!-- Generated by org.testng.reporters.JUnitXMLReporter -->
<testsuite hostname="DESKTOP-H7K44C8" ignored="2" name="Regression API" tests="6" failures="0" timestamp="2020-06-10T08:35:51 BRT" time="0.015" errors="0">
  <testcase name="testDieny" time="0.001" classname="regression.TestNG_TestClass2"/>
  <testcase name="testMethod1" time="0.001" classname="regression.TestNG_TestClass2"/>
  <testcase name="testMethod2" time="0.001" classname="regression.TestNG_TestClass2"/>
  <testcase name="testDieny" time="0.001" classname="regression.TestNG_TestClass3"/>
  <testcase name="testMethod1" time="0.0" classname="regression.TestNG_TestClass3"/>
  <testcase name="testMethod2" time="0.0" classname="regression.TestNG_TestClass3"/>
  <testcase name="@AfterTest afterTest" time="0.0" classname="baseTest.BaseTestSuite">
    <ignored/>
  </testcase> <!-- @AfterTest afterTest -->
  <testcase name="@BeforeTest beforeTest" time="0.0" classname="baseTest.BaseTestSuite">
    <ignored/>
  </testcase> <!-- @BeforeTest beforeTest -->
</testsuite> <!-- Regression API -->
