<?xml version="1.0" encoding="UTF-8"?>
<!-- Generated by org.testng.reporters.JUnitXMLReporter -->
<testsuite hostname="DESKTOP-H7K44C8" ignored="0" name="Default test" tests="3" failures="0" timestamp="2020-06-03T09:00:13 BRT" time="0.034" errors="0">
  <testcase name="testDieny" time="0.005" classname="testClasses.TestNG_Asserts"/>
  <testcase name="testMethod1" time="0.002" classname="testClasses.TestNG_Asserts"/>
  <testcase name="testMethod2" time="0.001" classname="testClasses.TestNG_Asserts"/>
</testsuite> <!-- Default test -->
