<?xml version="1.0" encoding="UTF-8"?>
<!-- Generated by org.testng.reporters.JUnitXMLReporter -->
<testsuite hostname="DESKTOP-H7K44C8" ignored="0" name="Default test" tests="3" failures="0" timestamp="2020-06-17T08:48:04 BRT" time="0.164" errors="0">
  <testcase name="testMethod1" time="0.007" classname="testClasses.TestNG_DataProviders"/>
  <testcase name="testMethod1" time="0.001" classname="testClasses.TestNG_DataProviders"/>
  <testcase name="testMethod1" time="0.0" classname="testClasses.TestNG_DataProviders"/>
</testsuite> <!-- Default test -->
