<?xml version="1.0" encoding="UTF-8"?>
<testng-results skipped="0" failed="0" ignored="0" total="3" passed="3">
  <reporter-output>
  </reporter-output>
  <suite name="Default suite" duration-ms="34" started-at="2020-06-03T09:00:13 BRT" finished-at="2020-06-03T09:00:13 BRT">
    <groups>
    </groups>
    <test name="Default test" duration-ms="34" started-at="2020-06-03T09:00:13 BRT" finished-at="2020-06-03T09:00:13 BRT">
      <class name="testClasses.TestNG_Asserts">
        <test-method status="PASS" signature="testDieny()[pri:0, instance:testClasses.TestNG_Asserts@1d16f93d]" name="testDieny" duration-ms="5" started-at="2020-06-03T09:00:13 BRT" finished-at="2020-06-03T09:00:13 BRT">
          <reporter-output>
          </reporter-output>
        </test-method> <!-- testDieny -->
        <test-method status="PASS" signature="testMethod1()[pri:0, instance:testClasses.TestNG_Asserts@1d16f93d]" name="testMethod1" duration-ms="2" started-at="2020-06-03T09:00:13 BRT" finished-at="2020-06-03T09:00:13 BRT">
          <reporter-output>
          </reporter-output>
        </test-method> <!-- testMethod1 -->
        <test-method status="PASS" signature="testMethod2()[pri:0, instance:testClasses.TestNG_Asserts@1d16f93d]" name="testMethod2" duration-ms="1" started-at="2020-06-03T09:00:13 BRT" finished-at="2020-06-03T09:00:13 BRT">
          <reporter-output>
          </reporter-output>
        </test-method> <!-- testMethod2 -->
      </class> <!-- testClasses.TestNG_Asserts -->
    </test> <!-- Default test -->
  </suite> <!-- Default suite -->
</testng-results>
